app/build/intermediates/manifest_merge_blame_file/debug/processDebugMainManifest/manifest-merger-blame-debug-report.txt
1<?xml version="1.0" encoding="utf-8"?>
2<manifest xmlns:android="http://schemas.android.com/apk/res/android"
3    package="com.example.multicapture"
4    android:versionCode="1"
5    android:versionName="1.0" >
6
7    <uses-sdk
7-->INJECTED
8        android:minSdkVersion="31"
8-->INJECTED
9        android:targetSdkVersion="35" />
9-->INJECTED
10
11    <uses-feature android:name="android.hardware.camera" />
11-->src/main/AndroidManifest.xml:4:5-60
11-->src/main/AndroidManifest.xml:4:19-57
12    <uses-feature android:name="android.hardware.camera.autofocus" />
12-->src/main/AndroidManifest.xml:5:5-70
12-->src/main/AndroidManifest.xml:5:19-67
13    <uses-feature android:name="android.hardware.microphone" />
13-->src/main/AndroidManifest.xml:6:5-64
13-->src/main/AndroidManifest.xml:6:19-61
14
15    <uses-permission android:name="android.permission.CAMERA" />
15-->src/main/AndroidManifest.xml:8:5-65
15-->src/main/AndroidManifest.xml:8:22-62
16    <uses-permission android:name="android.permission.RECORD_AUDIO" />
16-->src/main/AndroidManifest.xml:9:5-71
16-->src/main/AndroidManifest.xml:9:22-68
17    <uses-permission android:name="android.permission.MANAGE_EXTERNAL_STORAGE" />
17-->[com.herohan:UVCAndroid:1.0.11] AndroidManifest.xml:31:5-82
17-->[com.herohan:UVCAndroid:1.0.11] AndroidManifest.xml:31:22-79
18    <uses-permission android:name="android.permission.READ_EXTERNAL_STORAGE" />
18-->[com.herohan:UVCAndroid:1.0.11] AndroidManifest.xml:32:5-80
18-->[com.herohan:UVCAndroid:1.0.11] AndroidManifest.xml:32:22-77
19    <uses-permission android:name="android.permission.WRITE_EXTERNAL_STORAGE" />
19-->[com.herohan:UVCAndroid:1.0.11] AndroidManifest.xml:33:5-81
19-->[com.herohan:UVCAndroid:1.0.11] AndroidManifest.xml:33:22-78
20    <uses-permission android:name="android.permission.FOREGROUND_SERVICE" />
20-->[com.herohan:UVCAndroid:1.0.11] AndroidManifest.xml:34:5-77
20-->[com.herohan:UVCAndroid:1.0.11] AndroidManifest.xml:34:22-74
21
22    <uses-feature android:name="android.hardware.usb.host" />
22-->[com.herohan:UVCAndroid:1.0.11] AndroidManifest.xml:36:5-62
22-->[com.herohan:UVCAndroid:1.0.11] AndroidManifest.xml:36:19-59
23    <uses-feature
23-->[com.herohan:UVCAndroid:1.0.11] AndroidManifest.xml:37:5-39:35
24        android:glEsVersion="0x00020000"
24-->[com.herohan:UVCAndroid:1.0.11] AndroidManifest.xml:38:9-41
25        android:required="true" />
25-->[com.herohan:UVCAndroid:1.0.11] AndroidManifest.xml:39:9-32
26
27    <queries>
27-->[androidx.camera:camera-extensions:1.5.3] AndroidManifest.xml:22:5-26:15
28        <intent>
28-->[androidx.camera:camera-extensions:1.5.3] AndroidManifest.xml:23:9-25:18
29            <action android:name="androidx.camera.extensions.action.VENDOR_ACTION" />
29-->[androidx.camera:camera-extensions:1.5.3] AndroidManifest.xml:24:13-86
29-->[androidx.camera:camera-extensions:1.5.3] AndroidManifest.xml:24:21-83
30        </intent>
31    </queries>
32
33    <uses-permission android:name="android.permission.ACCESS_NETWORK_STATE" />
33-->[androidx.media3:media3-exoplayer:1.9.3] AndroidManifest.xml:22:5-79
33-->[androidx.media3:media3-exoplayer:1.9.3] AndroidManifest.xml:22:22-76
34    <uses-permission android:name="android.permission.WAKE_LOCK" />
34-->[androidx.media3:media3-exoplayer:1.9.3] AndroidManifest.xml:23:5-68
34-->[androidx.media3:media3-exoplayer:1.9.3] AndroidManifest.xml:23:22-65
35
36    <permission
36-->[androidx.core:core:1.13.1] AndroidManifest.xml:22:5-24:47
37        android:name="com.example.multicapture.DYNAMIC_RECEIVER_NOT_EXPORTED_PERMISSION"
37-->[androidx.core:core:1.13.1] AndroidManifest.xml:23:9-81
38        android:protectionLevel="signature" />
38-->[androidx.core:core:1.13.1] AndroidManifest.xml:24:9-44
39
40    <uses-permission android:name="com.example.multicapture.DYNAMIC_RECEIVER_NOT_EXPORTED_PERMISSION" />
40-->[androidx.core:core:1.13.1] AndroidManifest.xml:26:5-97
40-->[androidx.core:core:1.13.1] AndroidManifest.xml:26:22-94
41
42    <application
42-->src/main/AndroidManifest.xml:11:5-26:19
43        android:allowBackup="true"
43-->src/main/AndroidManifest.xml:12:9-35
44        android:appComponentFactory="androidx.core.app.CoreComponentFactory"
44-->[androidx.core:core:1.13.1] AndroidManifest.xml:28:18-86
45        android:debuggable="true"
46        android:extractNativeLibs="false"
46-->INJECTED
47        android:icon="@android:drawable/sym_def_app_icon"
47-->src/main/AndroidManifest.xml:13:9-58
48        android:label="@string/app_name"
48-->src/main/AndroidManifest.xml:14:9-41
49        android:supportsRtl="true"
49-->src/main/AndroidManifest.xml:15:9-35
50        android:testOnly="true"
51        android:theme="@style/Theme.MultiCapture" >
51-->src/main/AndroidManifest.xml:16:9-50
52        <activity
52-->src/main/AndroidManifest.xml:17:9-25:20
53            android:name="com.example.multicapture.MainActivity"
53-->src/main/AndroidManifest.xml:18:13-41
54            android:exported="true"
54-->src/main/AndroidManifest.xml:19:13-36
55            android:theme="@style/Theme.MultiCapture" >
55-->src/main/AndroidManifest.xml:20:13-54
56            <intent-filter>
56-->src/main/AndroidManifest.xml:21:13-24:29
57                <action android:name="android.intent.action.MAIN" />
57-->src/main/AndroidManifest.xml:22:17-69
57-->src/main/AndroidManifest.xml:22:25-66
58
59                <category android:name="android.intent.category.LAUNCHER" />
59-->src/main/AndroidManifest.xml:23:17-77
59-->src/main/AndroidManifest.xml:23:27-74
60            </intent-filter>
61        </activity>
62
63        <uses-library
63-->[androidx.camera:camera-extensions:1.5.3] AndroidManifest.xml:29:9-31:40
64            android:name="androidx.camera.extensions.impl"
64-->[androidx.camera:camera-extensions:1.5.3] AndroidManifest.xml:30:13-59
65            android:required="false" />
65-->[androidx.camera:camera-extensions:1.5.3] AndroidManifest.xml:31:13-37
66
67        <service
67-->[androidx.camera:camera-camera2:1.5.3] AndroidManifest.xml:24:9-33:19
68            android:name="androidx.camera.core.impl.MetadataHolderService"
68-->[androidx.camera:camera-camera2:1.5.3] AndroidManifest.xml:25:13-75
69            android:enabled="false"
69-->[androidx.camera:camera-camera2:1.5.3] AndroidManifest.xml:26:13-36
70            android:exported="false" >
70-->[androidx.camera:camera-camera2:1.5.3] AndroidManifest.xml:27:13-37
71            <meta-data
71-->[androidx.camera:camera-camera2:1.5.3] AndroidManifest.xml:30:13-32:89
72                android:name="androidx.camera.core.impl.MetadataHolderService.DEFAULT_CONFIG_PROVIDER"
72-->[androidx.camera:camera-camera2:1.5.3] AndroidManifest.xml:31:17-103
73                android:value="androidx.camera.camera2.Camera2Config$DefaultProvider" />
73-->[androidx.camera:camera-camera2:1.5.3] AndroidManifest.xml:32:17-86
74        </service>
75
76        <provider
76-->[androidx.emoji2:emoji2:1.3.0] AndroidManifest.xml:24:9-32:20
77            android:name="androidx.startup.InitializationProvider"
77-->[androidx.emoji2:emoji2:1.3.0] AndroidManifest.xml:25:13-67
78            android:authorities="com.example.multicapture.androidx-startup"
78-->[androidx.emoji2:emoji2:1.3.0] AndroidManifest.xml:26:13-68
79            android:exported="false" >
79-->[androidx.emoji2:emoji2:1.3.0] AndroidManifest.xml:27:13-37
80            <meta-data
80-->[androidx.emoji2:emoji2:1.3.0] AndroidManifest.xml:29:13-31:52
81                android:name="androidx.emoji2.text.EmojiCompatInitializer"
81-->[androidx.emoji2:emoji2:1.3.0] AndroidManifest.xml:30:17-75
82                android:value="androidx.startup" />
82-->[androidx.emoji2:emoji2:1.3.0] AndroidManifest.xml:31:17-49
83            <meta-data
83-->[androidx.lifecycle:lifecycle-process:2.7.0] AndroidManifest.xml:29:13-31:52
84                android:name="androidx.lifecycle.ProcessLifecycleInitializer"
84-->[androidx.lifecycle:lifecycle-process:2.7.0] AndroidManifest.xml:30:17-78
85                android:value="androidx.startup" />
85-->[androidx.lifecycle:lifecycle-process:2.7.0] AndroidManifest.xml:31:17-49
86            <meta-data
86-->[androidx.profileinstaller:profileinstaller:1.3.0] AndroidManifest.xml:29:13-31:52
87                android:name="androidx.profileinstaller.ProfileInstallerInitializer"
87-->[androidx.profileinstaller:profileinstaller:1.3.0] AndroidManifest.xml:30:17-85
88                android:value="androidx.startup" />
88-->[androidx.profileinstaller:profileinstaller:1.3.0] AndroidManifest.xml:31:17-49
89        </provider>
90
91        <receiver
91-->[androidx.profileinstaller:profileinstaller:1.3.0] AndroidManifest.xml:34:9-52:20
92            android:name="androidx.profileinstaller.ProfileInstallReceiver"
92-->[androidx.profileinstaller:profileinstaller:1.3.0] AndroidManifest.xml:35:13-76
93            android:directBootAware="false"
93-->[androidx.profileinstaller:profileinstaller:1.3.0] AndroidManifest.xml:36:13-44
94            android:enabled="true"
94-->[androidx.profileinstaller:profileinstaller:1.3.0] AndroidManifest.xml:37:13-35
95            android:exported="true"
95-->[androidx.profileinstaller:profileinstaller:1.3.0] AndroidManifest.xml:38:13-36
96            android:permission="android.permission.DUMP" >
96-->[androidx.profileinstaller:profileinstaller:1.3.0] AndroidManifest.xml:39:13-57
97            <intent-filter>
97-->[androidx.profileinstaller:profileinstaller:1.3.0] AndroidManifest.xml:40:13-42:29
98                <action android:name="androidx.profileinstaller.action.INSTALL_PROFILE" />
98-->[androidx.profileinstaller:profileinstaller:1.3.0] AndroidManifest.xml:41:17-91
98-->[androidx.profileinstaller:profileinstaller:1.3.0] AndroidManifest.xml:41:25-88
99            </intent-filter>
100            <intent-filter>
100-->[androidx.profileinstaller:profileinstaller:1.3.0] AndroidManifest.xml:43:13-45:29
101                <action android:name="androidx.profileinstaller.action.SKIP_FILE" />
101-->[androidx.profileinstaller:profileinstaller:1.3.0] AndroidManifest.xml:44:17-85
101-->[androidx.profileinstaller:profileinstaller:1.3.0] AndroidManifest.xml:44:25-82
102            </intent-filter>
103            <intent-filter>
103-->[androidx.profileinstaller:profileinstaller:1.3.0] AndroidManifest.xml:46:13-48:29
104                <action android:name="androidx.profileinstaller.action.SAVE_PROFILE" />
104-->[androidx.profileinstaller:profileinstaller:1.3.0] AndroidManifest.xml:47:17-88
104-->[androidx.profileinstaller:profileinstaller:1.3.0] AndroidManifest.xml:47:25-85
105            </intent-filter>
106            <intent-filter>
106-->[androidx.profileinstaller:profileinstaller:1.3.0] AndroidManifest.xml:49:13-51:29
107                <action android:name="androidx.profileinstaller.action.BENCHMARK_OPERATION" />
107-->[androidx.profileinstaller:profileinstaller:1.3.0] AndroidManifest.xml:50:17-95
107-->[androidx.profileinstaller:profileinstaller:1.3.0] AndroidManifest.xml:50:25-92
108            </intent-filter>
109        </receiver>
110    </application>
111
112</manifest>